2022-12-30 20:12:59,858 [5] [INFO ] (OnStart) - スタートしました
2022-12-30 20:13:04,360 [5] [INFO ] (OnStop) - ストップしました
2022-12-30 20:20:21,968 [1] [INFO ] (Main) - AAA
2022-12-30 20:20:25,605 [1] [INFO ] (OnStart) - スタートしました
2022-12-30 20:20:58,746 [1] [INFO ] (Main) - AAA
2022-12-30 20:21:12,523 [1] [INFO ] (OnStart) - スタートしました
2022-12-30 20:21:14,114 [1] [INFO ] (OnStop) - ストップしました
2022-12-30 20:24:13,729 [1] [INFO ] (Main) - デバッグモードで実行されました
2022-12-30 20:24:13,759 [1] [INFO ] (OnStart) - スタートしました
2022-12-30 20:24:20,064 [1] [INFO ] (OnStop) - ストップしました
2022-12-30 20:30:46,743 [1] [INFO ] (Main) - デバッグモードで実行されました
2022-12-30 20:30:46,772 [1] [INFO ] (OnStart) - スタートしました
2022-12-30 20:30:46,776 [5] [INFO ] (Timer_Callback) - 実行中
2022-12-30 20:30:47,790 [5] [INFO ] (Timer_Callback) - 実行中
2022-12-30 20:30:48,795 [5] [INFO ] (Timer_Callback) - 実行中
2022-12-30 20:30:49,801 [5] [INFO ] (Timer_Callback) - 実行中
2022-12-30 20:30:50,803 [5] [INFO ] (Timer_Callback) - 実行中
2022-12-30 20:30:51,805 [5] [INFO ] (Timer_Callback) - 実行中
2022-12-30 20:30:52,822 [6] [INFO ] (Timer_Callback) - 実行中
2022-12-30 20:30:53,831 [5] [INFO ] (Timer_Callback) - 実行中
